<?xml version="1.0" encoding="UTF-8"?>
<testng-results skipped="0" failed="0" ignored="0" total="1" passed="1">
  <reporter-output>
  </reporter-output>
  <suite name="Default suite" duration-ms="20111" started-at="2020-08-26T11:52:01 UYT" finished-at="2020-08-26T11:52:21 UYT">
    <groups>
    </groups>
    <test name="Default test" duration-ms="20111" started-at="2020-08-26T11:52:01 UYT" finished-at="2020-08-26T11:52:21 UYT">
      <class name="test.TestCRUDAccount">
        <test-method status="PASS" signature="createAccount()[pri:0, instance:test.TestCRUDAccount@42f93a98]" name="createAccount" duration-ms="20075" started-at="2020-08-26T11:52:01 UYT" finished-at="2020-08-26T11:52:21 UYT">
          <reporter-output>
          </reporter-output>
        </test-method> <!-- createAccount -->
      </class> <!-- test.TestCRUDAccount -->
    </test> <!-- Default test -->
  </suite> <!-- Default suite -->
</testng-results>
